2026-05-30 12:39:00 INFO [com.example.yin.YinMusicApplication]: Starting YinMusicApplication using Java 1.8.0_451 on LAPTOP-0E25MM1F with PID 38840 (C:\Study\简历项目\music-website-master 音乐\music-website-master\music-server\target\classes started by zhang in C:\Study\简历项目\music-website-master 音乐)
2026-05-30 12:39:00 INFO [com.example.yin.YinMusicApplication]: The following profiles are active: dev
2026-05-30 12:39:00 INFO [org.springframework.boot.devtools.env.DevToolsPropertyDefaultsPostProcessor]: Devtools property defaults active! Set 'spring.devtools.add-properties' to 'false' to disable
2026-05-30 12:39:00 INFO [org.springframework.boot.devtools.env.DevToolsPropertyDefaultsPostProcessor]: For additional web related logging consider setting the 'logging.level.web' property to 'DEBUG'
2026-05-30 12:39:01 INFO [org.springframework.data.repository.config.RepositoryConfigurationDelegate]: Multiple Spring Data modules found, entering strict repository configuration mode!
2026-05-30 12:39:01 INFO [org.springframework.data.repository.config.RepositoryConfigurationDelegate]: Bootstrapping Spring Data Redis repositories in DEFAULT mode.
2026-05-30 12:39:01 INFO [org.springframework.data.repository.config.RepositoryConfigurationDelegate]: Finished Spring Data repository scanning in 23 ms. Found 0 Redis repository interfaces.
2026-05-30 12:39:03 INFO [org.springframework.boot.web.embedded.tomcat.TomcatWebServer]: Tomcat initialized with port(s): 8888 (http)
2026-05-30 12:39:03 INFO [org.springframework.boot.web.servlet.context.ServletWebServerApplicationContext]: Root WebApplicationContext: initialization completed in 2912 ms
2026-05-30 12:39:04 INFO [org.springframework.boot.devtools.autoconfigure.OptionalLiveReloadServer]: LiveReload server is running on port 35729
2026-05-30 12:39:04 INFO [org.springframework.boot.web.embedded.tomcat.TomcatWebServer]: Tomcat started on port(s): 8888 (http) with context path ''
2026-05-30 12:39:04 INFO [com.example.yin.YinMusicApplication]: Started YinMusicApplication in 3.807 seconds (JVM running for 4.819)
2026-05-30 12:39:06 INFO [org.springframework.boot.autoconfigure.logging.ConditionEvaluationReportLoggingListener]: 

Error starting ApplicationContext. To display the conditions report re-run your application with 'debug' enabled.
2026-05-30 12:39:07 ERROR [org.springframework.boot.SpringApplication]: Application run failed
java.lang.IllegalStateException: Failed to execute CommandLineRunner
	at org.springframework.boot.SpringApplication.callRunner(SpringApplication.java:770)
	at org.springframework.boot.SpringApplication.callRunners(SpringApplication.java:751)
	at org.springframework.boot.SpringApplication.run(SpringApplication.java:309)
	at org.springframework.boot.SpringApplication.run(SpringApplication.java:1301)
	at org.springframework.boot.SpringApplication.run(SpringApplication.java:1290)
	at com.example.yin.YinMusicApplication.main(YinMusicApplication.java:14)
	at sun.reflect.NativeMethodAccessorImpl.invoke0(Native Method)
	at sun.reflect.NativeMethodAccessorImpl.invoke(NativeMethodAccessorImpl.java:62)
	at sun.reflect.DelegatingMethodAccessorImpl.invoke(DelegatingMethodAccessorImpl.java:43)
	at java.lang.reflect.Method.invoke(Method.java:498)
	at org.springframework.boot.devtools.restart.RestartLauncher.run(RestartLauncher.java:49)
Caused by: org.springframework.data.redis.RedisConnectionFailureException: Unable to connect to Redis; nested exception is org.springframework.data.redis.connection.PoolException: Could not get a resource from the pool; nested exception is io.lettuce.core.RedisConnectionException: Unable to connect to 127.0.0.1:6379
	at org.springframework.data.redis.connection.lettuce.LettuceConnectionFactory$ExceptionTranslatingConnectionProvider.translateException(LettuceConnectionFactory.java:1689)
	at org.springframework.data.redis.connection.lettuce.LettuceConnectionFactory$ExceptionTranslatingConnectionProvider.getConnection(LettuceConnectionFactory.java:1597)
	at org.springframework.data.redis.connection.lettuce.LettuceConnectionFactory$SharedConnection.getNativeConnection(LettuceConnectionFactory.java:1383)
	at org.springframework.data.redis.connection.lettuce.LettuceConnectionFactory$SharedConnection.getConnection(LettuceConnectionFactory.java:1366)
	at org.springframework.data.redis.connection.lettuce.LettuceConnectionFactory.getSharedConnection(LettuceConnectionFactory.java:1093)
	at org.springframework.data.redis.connection.lettuce.LettuceConnectionFactory.getConnection(LettuceConnectionFactory.java:421)
	at org.springframework.data.redis.core.RedisConnectionUtils.fetchConnection(RedisConnectionUtils.java:193)
	at org.springframework.data.redis.core.RedisConnectionUtils.doGetConnection(RedisConnectionUtils.java:144)
	at org.springframework.data.redis.core.RedisConnectionUtils.getConnection(RedisConnectionUtils.java:105)
	at org.springframework.data.redis.core.RedisTemplate.execute(RedisTemplate.java:210)
	at org.springframework.data.redis.core.RedisTemplate.execute(RedisTemplate.java:190)
	at org.springframework.data.redis.core.AbstractOperations.execute(AbstractOperations.java:97)
	at org.springframework.data.redis.core.DefaultZSetOperations.zCard(DefaultZSetOperations.java:617)
	at org.springframework.data.redis.core.DefaultZSetOperations.size(DefaultZSetOperations.java:606)
	at com.example.yin.config.RankDataInitializer.run(RankDataInitializer.java:30)
	at org.springframework.boot.SpringApplication.callRunner(SpringApplication.java:767)
	... 10 more
Caused by: org.springframework.data.redis.connection.PoolException: Could not get a resource from the pool; nested exception is io.lettuce.core.RedisConnectionException: Unable to connect to 127.0.0.1:6379
	at org.springframework.data.redis.connection.lettuce.LettucePoolingConnectionProvider.getConnection(LettucePoolingConnectionProvider.java:109)
	at org.springframework.data.redis.connection.lettuce.LettuceConnectionFactory$ExceptionTranslatingConnectionProvider.getConnection(LettuceConnectionFactory.java:1595)
	... 24 more
Caused by: io.lettuce.core.RedisConnectionException: Unable to connect to 127.0.0.1:6379
	at io.lettuce.core.RedisConnectionException.create(RedisConnectionException.java:78)
	at io.lettuce.core.RedisConnectionException.create(RedisConnectionException.java:56)
	at io.lettuce.core.AbstractRedisClient.getConnection(AbstractRedisClient.java:330)
	at io.lettuce.core.RedisClient.connect(RedisClient.java:216)
	at org.springframework.data.redis.connection.lettuce.StandaloneConnectionProvider.lambda$getConnection$1(StandaloneConnectionProvider.java:115)
	at java.util.Optional.orElseGet(Optional.java:267)
	at org.springframework.data.redis.connection.lettuce.StandaloneConnectionProvider.getConnection(StandaloneConnectionProvider.java:115)
	at org.springframework.data.redis.connection.lettuce.LettucePoolingConnectionProvider.lambda$null$0(LettucePoolingConnectionProvider.java:97)
	at io.lettuce.core.support.ConnectionPoolSupport$RedisPooledObjectFactory.create(ConnectionPoolSupport.java:211)
	at io.lettuce.core.support.ConnectionPoolSupport$RedisPooledObjectFactory.create(ConnectionPoolSupport.java:201)
	at org.apache.commons.pool2.BasePooledObjectFactory.makeObject(BasePooledObjectFactory.java:70)
	at org.apache.commons.pool2.impl.GenericObjectPool.create(GenericObjectPool.java:571)
	at org.apache.commons.pool2.impl.GenericObjectPool.borrowObject(GenericObjectPool.java:298)
	at org.apache.commons.pool2.impl.GenericObjectPool.borrowObject(GenericObjectPool.java:223)
	at io.lettuce.core.support.ConnectionPoolSupport$1.borrowObject(ConnectionPoolSupport.java:122)
	at io.lettuce.core.support.ConnectionPoolSupport$1.borrowObject(ConnectionPoolSupport.java:117)
	at org.springframework.data.redis.connection.lettuce.LettucePoolingConnectionProvider.getConnection(LettucePoolingConnectionProvider.java:103)
	... 25 more
Caused by: io.netty.channel.AbstractChannel$AnnotatedConnectException: Connection refused: no further information: /127.0.0.1:6379
Caused by: java.net.ConnectException: Connection refused: no further information
	at sun.nio.ch.SocketChannelImpl.checkConnect(Native Method)
	at sun.nio.ch.SocketChannelImpl.finishConnect(SocketChannelImpl.java:715)
	at io.netty.channel.socket.nio.NioSocketChannel.doFinishConnect(NioSocketChannel.java:330)
	at io.netty.channel.nio.AbstractNioChannel$AbstractNioUnsafe.finishConnect(AbstractNioChannel.java:334)
	at io.netty.channel.nio.NioEventLoop.processSelectedKey(NioEventLoop.java:710)
	at io.netty.channel.nio.NioEventLoop.processSelectedKeysOptimized(NioEventLoop.java:658)
	at io.netty.channel.nio.NioEventLoop.processSelectedKeys(NioEventLoop.java:584)
	at io.netty.channel.nio.NioEventLoop.run(NioEventLoop.java:496)
	at io.netty.util.concurrent.SingleThreadEventExecutor$4.run(SingleThreadEventExecutor.java:986)
	at io.netty.util.internal.ThreadExecutorMap$2.run(ThreadExecutorMap.java:74)
	at io.netty.util.concurrent.FastThreadLocalRunnable.run(FastThreadLocalRunnable.java:30)
	at java.lang.Thread.run(Thread.java:750)
2026-05-30 12:39:36 INFO [com.example.yin.YinMusicApplication]: Starting YinMusicApplication using Java 1.8.0_451 on LAPTOP-0E25MM1F with PID 32168 (C:\Study\简历项目\music-website-master 音乐\music-website-master\music-server\target\classes started by zhang in C:\Study\简历项目\music-website-master 音乐)
2026-05-30 12:39:36 INFO [com.example.yin.YinMusicApplication]: The following profiles are active: dev
2026-05-30 12:39:36 INFO [org.springframework.boot.devtools.env.DevToolsPropertyDefaultsPostProcessor]: Devtools property defaults active! Set 'spring.devtools.add-properties' to 'false' to disable
2026-05-30 12:39:36 INFO [org.springframework.boot.devtools.env.DevToolsPropertyDefaultsPostProcessor]: For additional web related logging consider setting the 'logging.level.web' property to 'DEBUG'
2026-05-30 12:39:36 INFO [org.springframework.data.repository.config.RepositoryConfigurationDelegate]: Multiple Spring Data modules found, entering strict repository configuration mode!
2026-05-30 12:39:36 INFO [org.springframework.data.repository.config.RepositoryConfigurationDelegate]: Bootstrapping Spring Data Redis repositories in DEFAULT mode.
2026-05-30 12:39:36 INFO [org.springframework.data.repository.config.RepositoryConfigurationDelegate]: Finished Spring Data repository scanning in 20 ms. Found 0 Redis repository interfaces.
2026-05-30 12:39:38 INFO [org.springframework.boot.web.embedded.tomcat.TomcatWebServer]: Tomcat initialized with port(s): 8888 (http)
2026-05-30 12:39:39 INFO [org.springframework.boot.web.servlet.context.ServletWebServerApplicationContext]: Root WebApplicationContext: initialization completed in 2709 ms
2026-05-30 12:39:39 INFO [org.springframework.boot.devtools.autoconfigure.OptionalLiveReloadServer]: LiveReload server is running on port 35729
2026-05-30 12:39:39 INFO [org.springframework.boot.web.embedded.tomcat.TomcatWebServer]: Tomcat started on port(s): 8888 (http) with context path ''
2026-05-30 12:39:39 INFO [com.example.yin.YinMusicApplication]: Started YinMusicApplication in 3.541 seconds (JVM running for 4.452)
2026-05-30 12:39:40 INFO [com.zaxxer.hikari.HikariDataSource]: HikariPool-1 - Starting...
2026-05-30 12:39:40 INFO [com.zaxxer.hikari.HikariDataSource]: HikariPool-1 - Start completed.
2026-05-30 12:39:40 INFO [com.example.yin.config.TicketDataInitializer]: 票档库存预热完成, 共 5 个票档, 新初始化 0 个 key
2026-05-30 12:40:00 INFO [com.example.yin.task.TicketScheduledTask]: 库存对账开始...
2026-05-30 12:40:00 INFO [com.example.yin.task.TicketScheduledTask]: 库存对账完成, 校正 0 个票档
2026-05-30 12:42:16 INFO [org.springframework.web.servlet.DispatcherServlet]: Initializing Servlet 'dispatcherServlet'
2026-05-30 12:42:16 INFO [org.springframework.web.servlet.DispatcherServlet]: Completed initialization in 0 ms
2026-05-30 12:42:17 WARN [org.springframework.web.servlet.PageNotFound]: No mapping for GET //user01/img/singerPic/liangyaoxie.jpg
2026-05-30 12:42:17 WARN [org.springframework.web.servlet.PageNotFound]: No mapping for GET //user01/img/singerPic/dengziqi.jpg
2026-05-30 12:42:30 WARN [org.springframework.web.servlet.PageNotFound]: No mapping for GET //user01/img/singerPic/liangyaoxie.jpg
2026-05-30 12:42:30 WARN [org.springframework.web.servlet.PageNotFound]: No mapping for GET //user01/img/singerPic/dengziqi.jpg
2026-05-30 12:42:48 INFO [org.springframework.scheduling.annotation.AnnotationAsyncExecutionInterceptor]: More than one TaskExecutor bean found within the context, and none is named 'taskExecutor'. Mark one of them as primary or name it 'taskExecutor' (possibly as an alias) in order to use it for async processing: [rankPlayExecutor, taskScheduler]
2026-05-30 12:43:08 WARN [org.springframework.web.servlet.PageNotFound]: No mapping for GET //user01/img/singerPic/dengziqi.jpg
2026-05-30 12:43:08 WARN [org.springframework.web.servlet.PageNotFound]: No mapping for GET //user01/img/singerPic/liangyaoxie.jpg
2026-05-30 12:43:26 WARN [org.springframework.web.servlet.PageNotFound]: No mapping for GET //user01/img/singerPic/dengziqi.jpg
2026-05-30 12:43:26 WARN [org.springframework.web.servlet.PageNotFound]: No mapping for GET //user01/img/singerPic/liangyaoxie.jpg
2026-05-30 12:43:37 ERROR [com.example.yin.service.impl.AiServiceImpl]: AI service call failed
org.springframework.web.client.HttpClientErrorException$Unauthorized: 401 Authorization Required: [no body]
	at org.springframework.web.client.HttpClientErrorException.create(HttpClientErrorException.java:105)
	at org.springframework.web.client.DefaultResponseErrorHandler.handleError(DefaultResponseErrorHandler.java:168)
	at org.springframework.web.client.DefaultResponseErrorHandler.handleError(DefaultResponseErrorHandler.java:122)
	at org.springframework.web.client.ResponseErrorHandler.handleError(ResponseErrorHandler.java:63)
	at org.springframework.web.client.RestTemplate.handleResponse(RestTemplate.java:819)
	at org.springframework.web.client.RestTemplate.doExecute(RestTemplate.java:777)
	at org.springframework.web.client.RestTemplate.execute(RestTemplate.java:711)
	at org.springframework.web.client.RestTemplate.postForEntity(RestTemplate.java:468)
	at com.example.yin.service.impl.AiServiceImpl.chat(AiServiceImpl.java:108)
	at com.example.yin.controller.AiController.chat(AiController.java:19)
	at sun.reflect.NativeMethodAccessorImpl.invoke0(Native Method)
	at sun.reflect.NativeMethodAccessorImpl.invoke(NativeMethodAccessorImpl.java:62)
	at sun.reflect.DelegatingMethodAccessorImpl.invoke(DelegatingMethodAccessorImpl.java:43)
	at java.lang.reflect.Method.invoke(Method.java:498)
	at org.springframework.web.method.support.InvocableHandlerMethod.doInvoke(InvocableHandlerMethod.java:205)
	at org.springframework.web.method.support.InvocableHandlerMethod.invokeForRequest(InvocableHandlerMethod.java:150)
	at org.springframework.web.servlet.mvc.method.annotation.ServletInvocableHandlerMethod.invokeAndHandle(ServletInvocableHandlerMethod.java:117)
	at org.springframework.web.servlet.mvc.method.annotation.RequestMappingHandlerAdapter.invokeHandlerMethod(RequestMappingHandlerAdapter.java:895)
	at org.springframework.web.servlet.mvc.method.annotation.RequestMappingHandlerAdapter.handleInternal(RequestMappingHandlerAdapter.java:808)
	at org.springframework.web.servlet.mvc.method.AbstractHandlerMethodAdapter.handle(AbstractHandlerMethodAdapter.java:87)
	at org.springframework.web.servlet.DispatcherServlet.doDispatch(DispatcherServlet.java:1067)
	at org.springframework.web.servlet.DispatcherServlet.doService(DispatcherServlet.java:963)
	at org.springframework.web.servlet.FrameworkServlet.processRequest(FrameworkServlet.java:1006)
	at org.springframework.web.servlet.FrameworkServlet.doPost(FrameworkServlet.java:909)
	at javax.servlet.http.HttpServlet.service(HttpServlet.java:681)
	at org.springframework.web.servlet.FrameworkServlet.service(FrameworkServlet.java:883)
	at javax.servlet.http.HttpServlet.service(HttpServlet.java:764)
	at org.apache.catalina.core.ApplicationFilterChain.internalDoFilter(ApplicationFilterChain.java:227)
	at org.apache.catalina.core.ApplicationFilterChain.doFilter(ApplicationFilterChain.java:162)
	at org.apache.tomcat.websocket.server.WsFilter.doFilter(WsFilter.java:53)
	at org.apache.catalina.core.ApplicationFilterChain.internalDoFilter(ApplicationFilterChain.java:189)
	at org.apache.catalina.core.ApplicationFilterChain.doFilter(ApplicationFilterChain.java:162)
	at org.springframework.web.filter.CharacterEncodingFilter.doFilterInternal(CharacterEncodingFilter.java:201)
	at org.springframework.web.filter.OncePerRequestFilter.doFilter(OncePerRequestFilter.java:117)
	at org.apache.catalina.core.ApplicationFilterChain.internalDoFilter(ApplicationFilterChain.java:189)
	at org.apache.catalina.core.ApplicationFilterChain.doFilter(ApplicationFilterChain.java:162)
	at org.apache.catalina.core.StandardWrapperValve.invoke(StandardWrapperValve.java:197)
	at org.apache.catalina.core.StandardContextValve.invoke(StandardContextValve.java:97)
	at org.apache.catalina.authenticator.AuthenticatorBase.invoke(AuthenticatorBase.java:540)
	at org.apache.catalina.core.StandardHostValve.invoke(StandardHostValve.java:135)
	at org.apache.catalina.valves.ErrorReportValve.invoke(ErrorReportValve.java:92)
	at org.apache.catalina.core.StandardEngineValve.invoke(StandardEngineValve.java:78)
	at org.apache.catalina.connector.CoyoteAdapter.service(CoyoteAdapter.java:357)
	at org.apache.coyote.http11.Http11Processor.service(Http11Processor.java:382)
	at org.apache.coyote.AbstractProcessorLight.process(AbstractProcessorLight.java:65)
	at org.apache.coyote.AbstractProtocol$ConnectionHandler.process(AbstractProtocol.java:895)
	at org.apache.tomcat.util.net.NioEndpoint$SocketProcessor.doRun(NioEndpoint.java:1732)
	at org.apache.tomcat.util.net.SocketProcessorBase.run(SocketProcessorBase.java:49)
	at org.apache.tomcat.util.threads.ThreadPoolExecutor.runWorker(ThreadPoolExecutor.java:1191)
	at org.apache.tomcat.util.threads.ThreadPoolExecutor$Worker.run(ThreadPoolExecutor.java:659)
	at org.apache.tomcat.util.threads.TaskThread$WrappingRunnable.run(TaskThread.java:61)
	at java.lang.Thread.run(Thread.java:750)
2026-05-30 12:45:00 INFO [com.example.yin.task.TicketScheduledTask]: 库存对账开始...
2026-05-30 12:45:00 INFO [com.example.yin.task.TicketScheduledTask]: 库存对账完成, 校正 0 个票档
2026-05-30 12:46:00 INFO [com.example.yin.task.TicketScheduledTask]: 演唱会[1]自动开售
2026-05-30 12:50:00 INFO [com.example.yin.task.TicketScheduledTask]: 库存对账开始...
2026-05-30 12:50:00 INFO [com.example.yin.task.TicketScheduledTask]: 库存对账完成, 校正 0 个票档
2026-05-30 12:55:00 INFO [com.example.yin.task.TicketScheduledTask]: 库存对账开始...
2026-05-30 12:55:00 INFO [com.example.yin.task.TicketScheduledTask]: 库存对账完成, 校正 0 个票档
2026-05-30 13:00:00 INFO [com.example.yin.task.RankScheduledTask]: 开始同步播放量到数据库...
2026-05-30 13:00:00 INFO [com.example.yin.task.RankScheduledTask]: 播放量同步完成，共更新 0 首歌曲
2026-05-30 13:00:00 INFO [com.example.yin.task.TicketScheduledTask]: 库存对账开始...
2026-05-30 13:00:00 INFO [com.example.yin.task.TicketScheduledTask]: 库存对账完成, 校正 0 个票档
2026-05-30 13:04:32 INFO [com.example.yin.controller.AdminController]: 收到演唱会发布请求: title=赵雷演唱会, tiers=[ConcertRequest.TierRequest(tierName=第一档, price=1110, totalStock=2), ConcertRequest.TierRequest(tierName=VIP, price=1000, totalStock=1)]
2026-05-30 13:05:00 INFO [com.example.yin.task.TicketScheduledTask]: 演唱会[2]自动开售
2026-05-30 13:05:00 INFO [com.example.yin.task.TicketScheduledTask]: 库存对账开始...
2026-05-30 13:05:00 INFO [com.example.yin.task.TicketScheduledTask]: 库存对账完成, 校正 0 个票档
2026-05-30 13:10:00 INFO [com.example.yin.task.TicketScheduledTask]: 库存对账开始...
2026-05-30 13:10:00 INFO [com.example.yin.task.TicketScheduledTask]: 库存对账完成, 校正 0 个票档
2026-05-30 13:15:00 INFO [com.example.yin.task.TicketScheduledTask]: 库存对账开始...
2026-05-30 13:15:00 INFO [com.example.yin.task.TicketScheduledTask]: 库存对账完成, 校正 0 个票档
2026-05-30 13:20:00 INFO [com.example.yin.task.TicketScheduledTask]: 库存对账开始...
2026-05-30 13:20:00 INFO [com.example.yin.task.TicketScheduledTask]: 库存对账完成, 校正 0 个票档
2026-05-30 13:21:43 INFO [com.example.yin.YinMusicApplication]: Starting YinMusicApplication using Java 1.8.0_451 on LAPTOP-0E25MM1F with PID 37736 (C:\Study\简历项目\music-website-master 音乐\music-website-master\music-server\target\classes started by zhang in C:\Study\简历项目\music-website-master 音乐)
2026-05-30 13:21:43 INFO [com.example.yin.YinMusicApplication]: The following profiles are active: dev
2026-05-30 13:21:43 INFO [org.springframework.boot.devtools.env.DevToolsPropertyDefaultsPostProcessor]: Devtools property defaults active! Set 'spring.devtools.add-properties' to 'false' to disable
2026-05-30 13:21:43 INFO [org.springframework.boot.devtools.env.DevToolsPropertyDefaultsPostProcessor]: For additional web related logging consider setting the 'logging.level.web' property to 'DEBUG'
2026-05-30 13:21:43 INFO [org.springframework.data.repository.config.RepositoryConfigurationDelegate]: Multiple Spring Data modules found, entering strict repository configuration mode!
2026-05-30 13:21:43 INFO [org.springframework.data.repository.config.RepositoryConfigurationDelegate]: Bootstrapping Spring Data Redis repositories in DEFAULT mode.
2026-05-30 13:21:44 INFO [org.springframework.data.repository.config.RepositoryConfigurationDelegate]: Finished Spring Data repository scanning in 21 ms. Found 0 Redis repository interfaces.
2026-05-30 13:21:46 INFO [org.springframework.boot.web.embedded.tomcat.TomcatWebServer]: Tomcat initialized with port(s): 8888 (http)
2026-05-30 13:21:46 INFO [org.springframework.boot.web.servlet.context.ServletWebServerApplicationContext]: Root WebApplicationContext: initialization completed in 2841 ms
2026-05-30 13:21:46 INFO [org.springframework.boot.devtools.autoconfigure.OptionalLiveReloadServer]: LiveReload server is running on port 35729
2026-05-30 13:21:46 INFO [org.springframework.boot.web.embedded.tomcat.TomcatWebServer]: Tomcat started on port(s): 8888 (http) with context path ''
2026-05-30 13:21:46 INFO [com.example.yin.YinMusicApplication]: Started YinMusicApplication in 3.748 seconds (JVM running for 4.681)
2026-05-30 13:21:47 INFO [com.zaxxer.hikari.HikariDataSource]: HikariPool-1 - Starting...
2026-05-30 13:21:47 INFO [com.zaxxer.hikari.HikariDataSource]: HikariPool-1 - Start completed.
2026-05-30 13:21:47 INFO [com.example.yin.config.TicketDataInitializer]: 票档库存预热完成, 共 7 个票档, 新初始化 1 个 key
2026-05-30 13:22:09 INFO [org.springframework.web.servlet.DispatcherServlet]: Initializing Servlet 'dispatcherServlet'
2026-05-30 13:22:09 INFO [org.springframework.web.servlet.DispatcherServlet]: Completed initialization in 1 ms
2026-05-30 13:25:00 INFO [com.example.yin.task.TicketScheduledTask]: 库存对账开始...
2026-05-30 13:25:00 INFO [com.example.yin.task.TicketScheduledTask]: 库存对账完成, 校正 0 个票档
2026-05-30 13:32:11 INFO [com.example.yin.YinMusicApplication]: Starting YinMusicApplication using Java 1.8.0_451 on LAPTOP-0E25MM1F with PID 50696 (C:\Study\简历项目\music-website-master 音乐\music-website-master\music-server\target\classes started by zhang in C:\Study\简历项目\music-website-master 音乐)
2026-05-30 13:32:11 INFO [com.example.yin.YinMusicApplication]: The following profiles are active: dev
2026-05-30 13:32:11 INFO [org.springframework.boot.devtools.env.DevToolsPropertyDefaultsPostProcessor]: Devtools property defaults active! Set 'spring.devtools.add-properties' to 'false' to disable
2026-05-30 13:32:11 INFO [org.springframework.boot.devtools.env.DevToolsPropertyDefaultsPostProcessor]: For additional web related logging consider setting the 'logging.level.web' property to 'DEBUG'
2026-05-30 13:32:11 INFO [org.springframework.data.repository.config.RepositoryConfigurationDelegate]: Multiple Spring Data modules found, entering strict repository configuration mode!
2026-05-30 13:32:11 INFO [org.springframework.data.repository.config.RepositoryConfigurationDelegate]: Bootstrapping Spring Data Redis repositories in DEFAULT mode.
2026-05-30 13:32:11 INFO [org.springframework.data.repository.config.RepositoryConfigurationDelegate]: Finished Spring Data repository scanning in 21 ms. Found 0 Redis repository interfaces.
2026-05-30 13:32:14 INFO [org.springframework.boot.web.embedded.tomcat.TomcatWebServer]: Tomcat initialized with port(s): 8888 (http)
2026-05-30 13:32:14 INFO [org.springframework.boot.web.servlet.context.ServletWebServerApplicationContext]: Root WebApplicationContext: initialization completed in 2837 ms
2026-05-30 13:32:14 INFO [org.springframework.boot.devtools.autoconfigure.OptionalLiveReloadServer]: LiveReload server is running on port 35729
2026-05-30 13:32:14 INFO [org.springframework.boot.web.embedded.tomcat.TomcatWebServer]: Tomcat started on port(s): 8888 (http) with context path ''
2026-05-30 13:32:14 INFO [com.example.yin.YinMusicApplication]: Started YinMusicApplication in 3.729 seconds (JVM running for 4.692)
2026-05-30 13:32:15 INFO [com.zaxxer.hikari.HikariDataSource]: HikariPool-1 - Starting...
2026-05-30 13:32:15 INFO [com.zaxxer.hikari.HikariDataSource]: HikariPool-1 - Start completed.
2026-05-30 13:32:15 INFO [com.example.yin.config.TicketDataInitializer]: 票档库存预热完成, 共 7 个票档, 新初始化 0 个 key
2026-05-30 13:32:34 INFO [org.springframework.web.servlet.DispatcherServlet]: Initializing Servlet 'dispatcherServlet'
2026-05-30 13:32:34 INFO [org.springframework.web.servlet.DispatcherServlet]: Completed initialization in 0 ms
2026-05-30 13:35:00 INFO [com.example.yin.task.TicketScheduledTask]: 库存对账开始...
2026-05-30 13:35:00 INFO [com.example.yin.task.TicketScheduledTask]: 库存对账完成, 校正 0 个票档
2026-05-30 13:39:09 INFO [com.example.yin.YinMusicApplication]: Starting YinMusicApplication using Java 1.8.0_451 on LAPTOP-0E25MM1F with PID 50856 (C:\Study\简历项目\music-website-master 音乐\music-website-master\music-server\target\classes started by zhang in C:\Study\简历项目\music-website-master 音乐)
2026-05-30 13:39:09 INFO [com.example.yin.YinMusicApplication]: The following profiles are active: dev
2026-05-30 13:39:09 INFO [org.springframework.boot.devtools.env.DevToolsPropertyDefaultsPostProcessor]: Devtools property defaults active! Set 'spring.devtools.add-properties' to 'false' to disable
2026-05-30 13:39:09 INFO [org.springframework.boot.devtools.env.DevToolsPropertyDefaultsPostProcessor]: For additional web related logging consider setting the 'logging.level.web' property to 'DEBUG'
2026-05-30 13:39:10 INFO [org.springframework.data.repository.config.RepositoryConfigurationDelegate]: Multiple Spring Data modules found, entering strict repository configuration mode!
2026-05-30 13:39:10 INFO [org.springframework.data.repository.config.RepositoryConfigurationDelegate]: Bootstrapping Spring Data Redis repositories in DEFAULT mode.
2026-05-30 13:39:10 INFO [org.springframework.data.repository.config.RepositoryConfigurationDelegate]: Finished Spring Data repository scanning in 21 ms. Found 0 Redis repository interfaces.
2026-05-30 13:39:12 INFO [org.springframework.boot.web.embedded.tomcat.TomcatWebServer]: Tomcat initialized with port(s): 8888 (http)
2026-05-30 13:39:12 INFO [org.springframework.boot.web.servlet.context.ServletWebServerApplicationContext]: Root WebApplicationContext: initialization completed in 3058 ms
2026-05-30 13:39:13 INFO [org.springframework.boot.devtools.autoconfigure.OptionalLiveReloadServer]: LiveReload server is running on port 35729
2026-05-30 13:39:13 INFO [org.springframework.boot.web.embedded.tomcat.TomcatWebServer]: Tomcat started on port(s): 8888 (http) with context path ''
2026-05-30 13:39:13 INFO [com.example.yin.YinMusicApplication]: Started YinMusicApplication in 4.033 seconds (JVM running for 5.017)
2026-05-30 13:39:14 INFO [com.zaxxer.hikari.HikariDataSource]: HikariPool-1 - Starting...
2026-05-30 13:39:14 INFO [com.zaxxer.hikari.HikariDataSource]: HikariPool-1 - Start completed.
2026-05-30 13:39:14 INFO [com.example.yin.config.TicketDataInitializer]: 票档库存预热完成, 共 7 个票档, 新初始化 0 个 key
2026-05-30 13:39:17 INFO [org.springframework.web.servlet.DispatcherServlet]: Initializing Servlet 'dispatcherServlet'
2026-05-30 13:39:17 INFO [org.springframework.web.servlet.DispatcherServlet]: Completed initialization in 1 ms
2026-05-30 13:39:25 INFO [com.example.yin.service.impl.TicketServiceImpl]: ===== 购票开始: userId=65, concertId=2, tierId=6 =====
2026-05-30 13:39:25 INFO [com.example.yin.service.impl.TicketServiceImpl]: 步骤①通过: concert=赵雷演唱会, status=2
2026-05-30 13:39:25 INFO [com.example.yin.service.impl.TicketServiceImpl]: 步骤①通过: tierName=第一档, price=1110.00, totalStock=2
2026-05-30 13:39:25 INFO [com.example.yin.service.impl.TicketServiceImpl]: 步骤②通过: SETNX 成功, key=ticket:purchased:65:6
2026-05-30 13:39:25 INFO [com.example.yin.service.impl.TicketServiceImpl]: 步骤③: 库存 key=ticket:stock:6
2026-05-30 13:39:25 INFO [com.example.yin.service.impl.TicketServiceImpl]: 步骤③: Redis 当前库存原始值 = 2
2026-05-30 13:39:25 INFO [com.example.yin.service.impl.TicketServiceImpl]: 步骤③: Lua 脚本执行结果 result=0 (0=库存不足, 1=扣减成功, null=异常)
2026-05-30 13:39:25 WARN [com.example.yin.service.impl.TicketServiceImpl]: 购票失败: 库存扣减失败, result=0, stockAfter=2, key=ticket:stock:6
2026-05-30 13:40:00 INFO [com.example.yin.task.TicketScheduledTask]: 库存对账开始...
2026-05-30 13:40:00 INFO [com.example.yin.task.TicketScheduledTask]: 库存对账完成, 校正 0 个票档
2026-05-30 13:45:00 INFO [com.example.yin.task.TicketScheduledTask]: 库存对账开始...
2026-05-30 13:45:00 INFO [com.example.yin.task.TicketScheduledTask]: 库存对账完成, 校正 0 个票档
2026-05-30 13:46:00 INFO [com.example.yin.task.TicketScheduledTask]: 演唱会 [薛之谦演唱会] 已售罄
2026-05-30 13:46:00 INFO [com.example.yin.task.TicketScheduledTask]: 演唱会 [赵雷演唱会] 已售罄
2026-05-30 13:56:41 INFO [com.example.yin.YinMusicApplication]: Starting YinMusicApplication using Java 1.8.0_451 on LAPTOP-0E25MM1F with PID 42216 (C:\Study\简历项目\music-website-master 音乐\music-website-master\music-server\target\classes started by zhang in C:\Study\简历项目\music-website-master 音乐)
2026-05-30 13:56:41 INFO [com.example.yin.YinMusicApplication]: The following profiles are active: dev
2026-05-30 13:56:41 INFO [org.springframework.boot.devtools.env.DevToolsPropertyDefaultsPostProcessor]: Devtools property defaults active! Set 'spring.devtools.add-properties' to 'false' to disable
2026-05-30 13:56:41 INFO [org.springframework.boot.devtools.env.DevToolsPropertyDefaultsPostProcessor]: For additional web related logging consider setting the 'logging.level.web' property to 'DEBUG'
2026-05-30 13:56:41 INFO [org.springframework.data.repository.config.RepositoryConfigurationDelegate]: Multiple Spring Data modules found, entering strict repository configuration mode!
2026-05-30 13:56:41 INFO [org.springframework.data.repository.config.RepositoryConfigurationDelegate]: Bootstrapping Spring Data Redis repositories in DEFAULT mode.
2026-05-30 13:56:41 INFO [org.springframework.data.repository.config.RepositoryConfigurationDelegate]: Finished Spring Data repository scanning in 20 ms. Found 0 Redis repository interfaces.
2026-05-30 13:56:43 INFO [org.springframework.boot.web.embedded.tomcat.TomcatWebServer]: Tomcat initialized with port(s): 8888 (http)
2026-05-30 13:56:43 INFO [org.springframework.boot.web.servlet.context.ServletWebServerApplicationContext]: Root WebApplicationContext: initialization completed in 2801 ms
2026-05-30 13:56:44 INFO [org.springframework.boot.devtools.autoconfigure.OptionalLiveReloadServer]: LiveReload server is running on port 35729
2026-05-30 13:56:44 INFO [org.springframework.boot.web.embedded.tomcat.TomcatWebServer]: Tomcat started on port(s): 8888 (http) with context path ''
2026-05-30 13:56:44 INFO [com.example.yin.YinMusicApplication]: Started YinMusicApplication in 3.662 seconds (JVM running for 4.574)
2026-05-30 13:56:45 INFO [com.zaxxer.hikari.HikariDataSource]: HikariPool-1 - Starting...
2026-05-30 13:56:45 INFO [com.zaxxer.hikari.HikariDataSource]: HikariPool-1 - Start completed.
2026-05-30 13:56:45 INFO [com.example.yin.config.TicketDataInitializer]: 票档库存预热完成, 共 7 个票档, 新初始化 7 个 key
2026-05-30 13:56:54 INFO [org.springframework.web.servlet.DispatcherServlet]: Initializing Servlet 'dispatcherServlet'
2026-05-30 13:56:54 INFO [org.springframework.web.servlet.DispatcherServlet]: Completed initialization in 1 ms
2026-05-30 14:00:00 INFO [com.example.yin.task.TicketScheduledTask]: 库存对账开始...
2026-05-30 14:00:00 INFO [com.example.yin.task.TicketScheduledTask]: 库存对账完成, 校正 0 个票档
2026-05-30 14:00:00 INFO [com.example.yin.task.RankScheduledTask]: 开始同步播放量到数据库...
2026-05-30 14:00:00 INFO [com.example.yin.task.RankScheduledTask]: 播放量同步完成，共更新 0 首歌曲
2026-05-30 14:01:47 INFO [com.zaxxer.hikari.HikariDataSource]: HikariPool-1 - Shutdown initiated...
2026-05-30 14:01:47 INFO [com.zaxxer.hikari.HikariDataSource]: HikariPool-1 - Shutdown completed.
2026-05-30 14:01:54 INFO [com.example.yin.YinMusicApplication]: Starting YinMusicApplication using Java 1.8.0_451 on LAPTOP-0E25MM1F with PID 47720 (C:\Study\简历项目\music-website-master 音乐\music-website-master\music-server\target\classes started by zhang in C:\Study\简历项目\music-website-master 音乐)
2026-05-30 14:01:54 INFO [com.example.yin.YinMusicApplication]: The following profiles are active: dev
2026-05-30 14:01:54 INFO [org.springframework.boot.devtools.env.DevToolsPropertyDefaultsPostProcessor]: Devtools property defaults active! Set 'spring.devtools.add-properties' to 'false' to disable
2026-05-30 14:01:54 INFO [org.springframework.boot.devtools.env.DevToolsPropertyDefaultsPostProcessor]: For additional web related logging consider setting the 'logging.level.web' property to 'DEBUG'
2026-05-30 14:01:55 INFO [org.springframework.data.repository.config.RepositoryConfigurationDelegate]: Multiple Spring Data modules found, entering strict repository configuration mode!
2026-05-30 14:01:55 INFO [org.springframework.data.repository.config.RepositoryConfigurationDelegate]: Bootstrapping Spring Data Redis repositories in DEFAULT mode.
2026-05-30 14:01:55 INFO [org.springframework.data.repository.config.RepositoryConfigurationDelegate]: Finished Spring Data repository scanning in 23 ms. Found 0 Redis repository interfaces.
2026-05-30 14:01:57 INFO [org.springframework.boot.web.embedded.tomcat.TomcatWebServer]: Tomcat initialized with port(s): 8888 (http)
2026-05-30 14:01:57 INFO [org.springframework.boot.web.servlet.context.ServletWebServerApplicationContext]: Root WebApplicationContext: initialization completed in 2770 ms
2026-05-30 14:01:58 INFO [org.springframework.boot.devtools.autoconfigure.OptionalLiveReloadServer]: LiveReload server is running on port 35729
2026-05-30 14:01:58 INFO [org.springframework.boot.web.embedded.tomcat.TomcatWebServer]: Tomcat started on port(s): 8888 (http) with context path ''
2026-05-30 14:01:58 INFO [com.example.yin.YinMusicApplication]: Started YinMusicApplication in 3.644 seconds (JVM running for 4.543)
2026-05-30 14:01:58 INFO [com.zaxxer.hikari.HikariDataSource]: HikariPool-1 - Starting...
2026-05-30 14:01:59 INFO [com.zaxxer.hikari.HikariDataSource]: HikariPool-1 - Start completed.
2026-05-30 14:01:59 INFO [com.example.yin.config.TicketDataInitializer]: 票档库存预热完成, 共 7 个票档, 新初始化 0 个 key
2026-05-30 14:02:05 INFO [org.springframework.web.servlet.DispatcherServlet]: Initializing Servlet 'dispatcherServlet'
2026-05-30 14:02:05 INFO [org.springframework.web.servlet.DispatcherServlet]: Completed initialization in 1 ms
2026-05-30 14:04:33 WARN [org.springframework.web.servlet.PageNotFound]: No mapping for GET /%22C:/Study/%E7%AE%80%E5%8E%86%E9%A1%B9%E7%9B%AE/music-website-master%20%E9%9F%B3%E4%B9%90/img/SingerParty/%E8%B4%AD%E7%A5%A8%E7%B3%BB%E7%BB%9F%E6%8A%80%E6%9C%AF%E5%89%96%E6%9E%90.png%22
2026-05-30 14:05:00 INFO [com.example.yin.task.TicketScheduledTask]: 演唱会[2]自动开售
2026-05-30 14:05:00 INFO [com.example.yin.task.TicketScheduledTask]: 库存对账开始...
2026-05-30 14:05:00 INFO [com.example.yin.task.TicketScheduledTask]: 库存对账完成, 校正 0 个票档
2026-05-30 14:05:07 INFO [com.example.yin.service.impl.TicketServiceImpl]: ===== 购票开始: userId=65, concertId=2, tierId=6 =====
2026-05-30 14:05:07 INFO [com.example.yin.service.impl.TicketServiceImpl]: 步骤①通过: concert=赵雷演唱会, status=2
2026-05-30 14:05:07 INFO [com.example.yin.service.impl.TicketServiceImpl]: 步骤①通过: tierName=第一档, price=1110.00, totalStock=2
2026-05-30 14:05:07 INFO [com.example.yin.service.impl.TicketServiceImpl]: 步骤②通过: SETNX 成功, key=ticket:purchased:65:6
2026-05-30 14:05:07 INFO [com.example.yin.service.impl.TicketServiceImpl]: 步骤③: 库存 key=ticket:stock:6
2026-05-30 14:05:07 INFO [com.example.yin.service.impl.TicketServiceImpl]: 步骤③: Redis 当前库存原始值 = 2
2026-05-30 14:05:07 INFO [com.example.yin.service.impl.TicketServiceImpl]: 步骤③: Lua 脚本执行结果 result=1 (0=库存不足, 1=扣减成功, null=异常)
2026-05-30 14:05:07 INFO [com.example.yin.service.impl.TicketServiceImpl]: ===== 购票成功: orderNo=TK17801211070506725, userId=65, tierId=6, price=1110.00 =====
2026-05-30 14:06:00 INFO [com.example.yin.task.TicketScheduledTask]: 演唱会[1]自动开售
2026-05-30 14:07:39 INFO [com.example.yin.service.impl.TicketServiceImpl]: ===== 购票开始: userId=65, concertId=2, tierId=6 =====
2026-05-30 14:07:39 INFO [com.example.yin.service.impl.TicketServiceImpl]: 步骤①通过: concert=赵雷演唱会, status=2
2026-05-30 14:07:39 INFO [com.example.yin.service.impl.TicketServiceImpl]: 步骤①通过: tierName=第一档, price=1110.00, totalStock=2
2026-05-30 14:07:39 WARN [com.example.yin.service.impl.TicketServiceImpl]: 购票失败: 用户已购买过该票档, userId=65, tierId=6, key=ticket:purchased:65:6
2026-05-30 14:09:23 WARN [org.springframework.web.servlet.PageNotFound]: No mapping for GET /user01/img/singerPic/liangyaoxie.jpg
2026-05-30 14:09:23 WARN [org.springframework.web.servlet.PageNotFound]: No mapping for GET /user01/img/singerPic/dengziqi.jpg
2026-05-30 14:09:26 WARN [org.springframework.web.servlet.PageNotFound]: No mapping for GET /user01/img/singerPic/liangyaoxie.jpg
2026-05-30 14:09:26 WARN [org.springframework.web.servlet.PageNotFound]: No mapping for GET /user01/img/singerPic/dengziqi.jpg
2026-05-30 14:09:35 WARN [org.springframework.web.servlet.PageNotFound]: No mapping for GET /user01/img/singerPic/dengziqi.jpg
2026-05-30 14:09:35 WARN [org.springframework.web.servlet.PageNotFound]: No mapping for GET /user01/img/singerPic/liangyaoxie.jpg
2026-05-30 14:09:44 WARN [org.springframework.web.servlet.PageNotFound]: No mapping for GET /user01/img/singerPic/dengziqi.jpg
2026-05-30 14:09:44 WARN [org.springframework.web.servlet.PageNotFound]: No mapping for GET /user01/img/singerPic/liangyaoxie.jpg
2026-05-30 14:09:48 WARN [org.springframework.web.servlet.PageNotFound]: No mapping for GET //user01/img/singerPic/dengziqi.jpg
2026-05-30 14:10:00 INFO [com.example.yin.task.TicketScheduledTask]: 库存对账开始...
2026-05-30 14:10:00 INFO [com.example.yin.task.TicketScheduledTask]: 库存对账完成, 校正 0 个票档
2026-05-30 14:10:15 WARN [org.springframework.web.servlet.PageNotFound]: No mapping for GET //user01/img/singerPic/liangyaoxie.jpg
2026-05-30 14:12:30 WARN [org.springframework.web.servlet.PageNotFound]: No mapping for GET //user01/img/singerPic/dengziqi.jpg
2026-05-30 14:12:40 WARN [org.springframework.web.servlet.PageNotFound]: No mapping for GET //user01/img/singerPic/dengziqi.jpg
2026-05-30 14:12:45 WARN [org.springframework.web.servlet.PageNotFound]: No mapping for GET //user01/img/singerPic/dengziqi.jpg
2026-05-30 14:12:53 WARN [org.springframework.web.servlet.PageNotFound]: No mapping for GET //user01/img/singerPic/liangyaoxie.jpg
2026-05-30 14:13:00 WARN [org.springframework.web.servlet.PageNotFound]: No mapping for GET //user01/img/singerPic/liangyaoxie.jpg
2026-05-30 14:14:36 WARN [org.springframework.web.servlet.PageNotFound]: No mapping for GET /user01/img/singerPic/liangyaoxie.jpg
2026-05-30 14:14:45 WARN [org.springframework.web.servlet.PageNotFound]: No mapping for GET /user01/img/singerPic/liangyaoxie.jpg
2026-05-30 14:14:45 WARN [org.springframework.web.servlet.PageNotFound]: No mapping for GET /user01/img/singerPic/liangyaoxie.jpg
2026-05-30 14:15:00 INFO [com.example.yin.task.TicketScheduledTask]: 库存对账开始...
2026-05-30 14:15:00 INFO [com.example.yin.task.TicketScheduledTask]: 库存对账完成, 校正 0 个票档
2026-05-30 14:16:42 WARN [org.springframework.web.servlet.PageNotFound]: No mapping for GET /user01/img/singerPic/liangyaoxie.jpg
2026-05-30 14:20:00 INFO [com.example.yin.task.TicketScheduledTask]: 库存对账开始...
2026-05-30 14:20:00 INFO [com.example.yin.task.TicketScheduledTask]: 库存对账完成, 校正 0 个票档
2026-05-30 14:25:00 INFO [com.example.yin.task.TicketScheduledTask]: 库存对账开始...
2026-05-30 14:25:00 INFO [com.example.yin.task.TicketScheduledTask]: 库存对账完成, 校正 0 个票档
2026-05-30 14:30:00 INFO [com.example.yin.task.TicketScheduledTask]: 库存对账开始...
2026-05-30 14:30:00 INFO [com.example.yin.task.TicketScheduledTask]: 库存对账完成, 校正 0 个票档
2026-05-30 14:35:00 INFO [com.example.yin.task.TicketScheduledTask]: 库存对账开始...
2026-05-30 14:35:00 INFO [com.example.yin.task.TicketScheduledTask]: 库存对账完成, 校正 0 个票档
2026-05-30 14:40:00 INFO [com.example.yin.task.TicketScheduledTask]: 库存对账开始...
2026-05-30 14:40:00 INFO [com.example.yin.task.TicketScheduledTask]: 库存对账完成, 校正 0 个票档
2026-05-30 14:45:00 INFO [com.example.yin.task.TicketScheduledTask]: 库存对账开始...
2026-05-30 14:45:00 INFO [com.example.yin.task.TicketScheduledTask]: 库存对账完成, 校正 0 个票档
2026-05-30 14:50:00 INFO [com.example.yin.task.TicketScheduledTask]: 库存对账开始...
2026-05-30 14:50:00 INFO [com.example.yin.task.TicketScheduledTask]: 库存对账完成, 校正 0 个票档
2026-05-30 14:55:00 INFO [com.example.yin.task.TicketScheduledTask]: 库存对账开始...
2026-05-30 14:55:00 INFO [com.example.yin.task.TicketScheduledTask]: 库存对账完成, 校正 0 个票档
2026-05-30 15:00:00 INFO [com.example.yin.task.TicketScheduledTask]: 库存对账开始...
2026-05-30 15:00:00 INFO [com.example.yin.task.TicketScheduledTask]: 库存对账完成, 校正 0 个票档
2026-05-30 15:00:00 INFO [com.example.yin.task.RankScheduledTask]: 开始同步播放量到数据库...
2026-05-30 15:00:00 INFO [com.example.yin.task.RankScheduledTask]: 播放量同步完成，共更新 0 首歌曲
2026-05-30 15:05:00 INFO [com.example.yin.task.TicketScheduledTask]: 库存对账开始...
2026-05-30 15:05:00 INFO [com.example.yin.task.TicketScheduledTask]: 库存对账完成, 校正 0 个票档
2026-05-30 15:10:00 INFO [com.example.yin.task.TicketScheduledTask]: 库存对账开始...
2026-05-30 15:10:00 INFO [com.example.yin.task.TicketScheduledTask]: 库存对账完成, 校正 0 个票档
2026-05-30 15:15:00 INFO [com.example.yin.task.TicketScheduledTask]: 库存对账开始...
2026-05-30 15:15:00 INFO [com.example.yin.task.TicketScheduledTask]: 库存对账完成, 校正 0 个票档
2026-05-30 15:20:00 INFO [com.example.yin.task.TicketScheduledTask]: 库存对账开始...
2026-05-30 15:20:00 INFO [com.example.yin.task.TicketScheduledTask]: 库存对账完成, 校正 0 个票档
2026-05-30 15:25:00 INFO [com.example.yin.task.TicketScheduledTask]: 库存对账开始...
2026-05-30 15:25:00 INFO [com.example.yin.task.TicketScheduledTask]: 库存对账完成, 校正 0 个票档
2026-05-30 15:30:00 INFO [com.example.yin.task.TicketScheduledTask]: 库存对账开始...
2026-05-30 15:30:00 INFO [com.example.yin.task.TicketScheduledTask]: 库存对账完成, 校正 0 个票档
2026-05-30 15:35:00 INFO [com.example.yin.task.TicketScheduledTask]: 库存对账开始...
2026-05-30 15:35:00 INFO [com.example.yin.task.TicketScheduledTask]: 库存对账完成, 校正 0 个票档
