2026-05-13 17:51:09 INFO [com.example.yin.YinMusicApplication]: Starting YinMusicApplication using Java 1.8.0_451 on LAPTOP-0E25MM1F with PID 31668 (C:\Study\简历项目\music-website-master 音乐\music-website-master\music-server\target\classes started by zhang in C:\Study\简历项目\music-website-master 音乐)
2026-05-13 17:51:09 INFO [com.example.yin.YinMusicApplication]: The following profiles are active: dev
2026-05-13 17:51:09 INFO [org.springframework.boot.devtools.env.DevToolsPropertyDefaultsPostProcessor]: Devtools property defaults active! Set 'spring.devtools.add-properties' to 'false' to disable
2026-05-13 17:51:09 INFO [org.springframework.boot.devtools.env.DevToolsPropertyDefaultsPostProcessor]: For additional web related logging consider setting the 'logging.level.web' property to 'DEBUG'
2026-05-13 17:51:10 INFO [org.springframework.data.repository.config.RepositoryConfigurationDelegate]: Multiple Spring Data modules found, entering strict repository configuration mode!
2026-05-13 17:51:10 INFO [org.springframework.data.repository.config.RepositoryConfigurationDelegate]: Bootstrapping Spring Data Redis repositories in DEFAULT mode.
2026-05-13 17:51:10 INFO [org.springframework.data.repository.config.RepositoryConfigurationDelegate]: Finished Spring Data repository scanning in 19 ms. Found 0 Redis repository interfaces.
2026-05-13 17:51:12 INFO [org.springframework.boot.web.embedded.tomcat.TomcatWebServer]: Tomcat initialized with port(s): 8888 (http)
2026-05-13 17:51:13 INFO [org.springframework.boot.web.servlet.context.ServletWebServerApplicationContext]: Root WebApplicationContext: initialization completed in 3389 ms
2026-05-13 17:51:14 INFO [org.springframework.boot.devtools.autoconfigure.OptionalLiveReloadServer]: LiveReload server is running on port 35729
2026-05-13 17:51:14 INFO [org.springframework.boot.web.embedded.tomcat.TomcatWebServer]: Tomcat started on port(s): 8888 (http) with context path ''
2026-05-13 17:51:14 INFO [com.example.yin.YinMusicApplication]: Started YinMusicApplication in 5.127 seconds (JVM running for 6.11)
2026-05-13 17:51:30 INFO [org.springframework.web.servlet.DispatcherServlet]: Initializing Servlet 'dispatcherServlet'
2026-05-13 17:51:30 INFO [org.springframework.web.servlet.DispatcherServlet]: Completed initialization in 0 ms
2026-05-13 17:51:30 INFO [com.zaxxer.hikari.HikariDataSource]: HikariPool-1 - Starting...
2026-05-13 17:51:31 INFO [com.zaxxer.hikari.HikariDataSource]: HikariPool-1 - Start completed.
2026-05-13 17:51:31 WARN [org.springframework.web.servlet.PageNotFound]: No mapping for GET //user01/img/singerPic/dengziqi.jpg
2026-05-13 17:51:31 WARN [org.springframework.web.servlet.PageNotFound]: No mapping for GET //user01/img/singerPic/liangyaoxie.jpg
2026-05-13 17:51:44 WARN [org.springframework.web.servlet.PageNotFound]: No mapping for GET //user01/img/singerPic/liangyaoxie.jpg
2026-05-13 17:51:44 WARN [org.springframework.web.servlet.PageNotFound]: No mapping for GET //user01/img/singerPic/dengziqi.jpg
2026-05-13 17:51:51 WARN [org.springframework.web.servlet.PageNotFound]: No mapping for GET //user01/img/singerPic/dengziqi.jpg
2026-05-13 17:51:51 WARN [org.springframework.web.servlet.PageNotFound]: No mapping for GET //user01/img/singerPic/liangyaoxie.jpg
2026-05-13 17:52:14 WARN [org.springframework.web.servlet.PageNotFound]: No mapping for GET //user01/img/singerPic/dengziqi.jpg
2026-05-13 17:52:14 WARN [org.springframework.web.servlet.PageNotFound]: No mapping for GET //user01/img/singerPic/liangyaoxie.jpg
2026-05-13 17:52:21 WARN [org.springframework.web.servlet.PageNotFound]: No mapping for GET //user01/img/singerPic/dengziqi.jpg
2026-05-13 17:52:21 WARN [org.springframework.web.servlet.PageNotFound]: No mapping for GET //user01/img/singerPic/liangyaoxie.jpg
2026-05-13 17:52:28 WARN [org.springframework.web.servlet.PageNotFound]: No mapping for GET //user01/img/singerPic/liangyaoxie.jpg
2026-05-13 17:52:28 WARN [org.springframework.web.servlet.PageNotFound]: No mapping for GET //user01/img/singerPic/dengziqi.jpg
2026-05-13 17:52:36 WARN [org.springframework.web.servlet.PageNotFound]: No mapping for GET //user01/img/singerPic/liangyaoxie.jpg
2026-05-13 17:52:36 WARN [org.springframework.web.servlet.PageNotFound]: No mapping for GET //user01/img/singerPic/dengziqi.jpg
2026-05-13 17:53:05 WARN [org.springframework.web.servlet.PageNotFound]: No mapping for GET //user01/img/singerPic/dengziqi.jpg
2026-05-13 17:53:05 WARN [org.springframework.web.servlet.PageNotFound]: No mapping for GET //user01/img/singerPic/liangyaoxie.jpg
2026-05-13 17:53:11 WARN [org.springframework.web.servlet.PageNotFound]: No mapping for GET //user01/img/singerPic/dengziqi.jpg
2026-05-13 17:53:11 WARN [org.springframework.web.servlet.PageNotFound]: No mapping for GET //user01/img/singerPic/liangyaoxie.jpg
2026-05-13 17:53:25 WARN [org.springframework.web.servlet.PageNotFound]: No mapping for GET //user01/img/singerPic/dengziqi.jpg
2026-05-13 17:53:25 WARN [org.springframework.web.servlet.PageNotFound]: No mapping for GET //user01/img/singerPic/liangyaoxie.jpg
2026-05-13 17:53:28 WARN [org.springframework.web.servlet.PageNotFound]: No mapping for GET //user01/img/singerPic/dengziqi.jpg
2026-05-13 17:53:28 WARN [org.springframework.web.servlet.PageNotFound]: No mapping for GET //user01/img/singerPic/liangyaoxie.jpg
2026-05-13 17:53:29 WARN [org.springframework.web.servlet.PageNotFound]: No mapping for GET //user01/img/singerPic/dengziqi.jpg
2026-05-13 17:53:29 WARN [org.springframework.web.servlet.PageNotFound]: No mapping for GET //user01/img/singerPic/liangyaoxie.jpg
2026-05-13 17:53:44 WARN [org.springframework.web.servlet.PageNotFound]: No mapping for GET //user01/img/singerPic/dengziqi.jpg
2026-05-13 17:53:44 WARN [org.springframework.web.servlet.PageNotFound]: No mapping for GET //user01/img/singerPic/liangyaoxie.jpg
2026-05-13 17:53:46 WARN [org.springframework.web.servlet.PageNotFound]: No mapping for GET //user01/img/singerPic/liangyaoxie.jpg
2026-05-13 17:53:46 WARN [org.springframework.web.servlet.PageNotFound]: No mapping for GET //user01/img/singerPic/dengziqi.jpg
2026-05-13 17:54:04 INFO [org.springframework.scheduling.annotation.AnnotationAsyncExecutionInterceptor]: More than one TaskExecutor bean found within the context, and none is named 'taskExecutor'. Mark one of them as primary or name it 'taskExecutor' (possibly as an alias) in order to use it for async processing: [rankPlayExecutor, taskScheduler]
2026-05-13 17:54:04 ERROR [org.springframework.aop.interceptor.SimpleAsyncUncaughtExceptionHandler]: Unexpected exception occurred invoking async method: public void com.example.yin.service.impl.RankServiceImpl.recordPlay(java.lang.Integer,java.lang.Integer)
org.apache.ibatis.binding.BindingException: Invalid bound statement (not found): com.example.yin.mapper.PlayLogMapper.insert
	at org.apache.ibatis.binding.MapperMethod$SqlCommand.<init>(MapperMethod.java:235)
	at com.baomidou.mybatisplus.core.override.MybatisMapperMethod.<init>(MybatisMapperMethod.java:50)
	at com.baomidou.mybatisplus.core.override.MybatisMapperProxy.lambda$cachedInvoker$0(MybatisMapperProxy.java:111)
	at java.util.concurrent.ConcurrentHashMap.computeIfAbsent(ConcurrentHashMap.java:1660)
	at com.baomidou.mybatisplus.core.toolkit.CollectionUtils.computeIfAbsent(CollectionUtils.java:115)
	at com.baomidou.mybatisplus.core.override.MybatisMapperProxy.cachedInvoker(MybatisMapperProxy.java:98)
	at com.baomidou.mybatisplus.core.override.MybatisMapperProxy.invoke(MybatisMapperProxy.java:89)
	at com.sun.proxy.$Proxy101.insert(Unknown Source)
	at sun.reflect.NativeMethodAccessorImpl.invoke0(Native Method)
	at sun.reflect.NativeMethodAccessorImpl.invoke(NativeMethodAccessorImpl.java:62)
	at sun.reflect.DelegatingMethodAccessorImpl.invoke(DelegatingMethodAccessorImpl.java:43)
	at java.lang.reflect.Method.invoke(Method.java:498)
	at org.springframework.aop.support.AopUtils.invokeJoinpointUsingReflection(AopUtils.java:344)
	at org.springframework.aop.framework.ReflectiveMethodInvocation.invokeJoinpoint(ReflectiveMethodInvocation.java:198)
	at org.springframework.aop.framework.ReflectiveMethodInvocation.proceed(ReflectiveMethodInvocation.java:163)
	at org.springframework.dao.support.PersistenceExceptionTranslationInterceptor.invoke(PersistenceExceptionTranslationInterceptor.java:137)
	at org.springframework.aop.framework.ReflectiveMethodInvocation.proceed(ReflectiveMethodInvocation.java:186)
	at org.springframework.aop.framework.JdkDynamicAopProxy.invoke(JdkDynamicAopProxy.java:215)
	at com.sun.proxy.$Proxy102.insert(Unknown Source)
	at com.example.yin.service.impl.RankServiceImpl.recordPlay(RankServiceImpl.java:118)
	at sun.reflect.NativeMethodAccessorImpl.invoke0(Native Method)
	at sun.reflect.NativeMethodAccessorImpl.invoke(NativeMethodAccessorImpl.java:62)
	at sun.reflect.DelegatingMethodAccessorImpl.invoke(DelegatingMethodAccessorImpl.java:43)
	at java.lang.reflect.Method.invoke(Method.java:498)
	at org.springframework.aop.support.AopUtils.invokeJoinpointUsingReflection(AopUtils.java:344)
	at org.springframework.aop.framework.ReflectiveMethodInvocation.invokeJoinpoint(ReflectiveMethodInvocation.java:198)
	at org.springframework.aop.framework.ReflectiveMethodInvocation.proceed(ReflectiveMethodInvocation.java:163)
	at org.springframework.aop.interceptor.AsyncExecutionInterceptor.lambda$invoke$0(AsyncExecutionInterceptor.java:115)
	at java.util.concurrent.FutureTask.run(FutureTask.java:266)
	at java.lang.Thread.run(Thread.java:750)
2026-05-13 17:54:05 ERROR [org.springframework.aop.interceptor.SimpleAsyncUncaughtExceptionHandler]: Unexpected exception occurred invoking async method: public void com.example.yin.service.impl.RankServiceImpl.recordPlay(java.lang.Integer,java.lang.Integer)
org.apache.ibatis.binding.BindingException: Invalid bound statement (not found): com.example.yin.mapper.PlayLogMapper.insert
	at org.apache.ibatis.binding.MapperMethod$SqlCommand.<init>(MapperMethod.java:235)
	at com.baomidou.mybatisplus.core.override.MybatisMapperMethod.<init>(MybatisMapperMethod.java:50)
	at com.baomidou.mybatisplus.core.override.MybatisMapperProxy.lambda$cachedInvoker$0(MybatisMapperProxy.java:111)
	at java.util.concurrent.ConcurrentHashMap.computeIfAbsent(ConcurrentHashMap.java:1660)
	at com.baomidou.mybatisplus.core.toolkit.CollectionUtils.computeIfAbsent(CollectionUtils.java:115)
	at com.baomidou.mybatisplus.core.override.MybatisMapperProxy.cachedInvoker(MybatisMapperProxy.java:98)
	at com.baomidou.mybatisplus.core.override.MybatisMapperProxy.invoke(MybatisMapperProxy.java:89)
	at com.sun.proxy.$Proxy101.insert(Unknown Source)
	at sun.reflect.NativeMethodAccessorImpl.invoke0(Native Method)
	at sun.reflect.NativeMethodAccessorImpl.invoke(NativeMethodAccessorImpl.java:62)
	at sun.reflect.DelegatingMethodAccessorImpl.invoke(DelegatingMethodAccessorImpl.java:43)
	at java.lang.reflect.Method.invoke(Method.java:498)
	at org.springframework.aop.support.AopUtils.invokeJoinpointUsingReflection(AopUtils.java:344)
	at org.springframework.aop.framework.ReflectiveMethodInvocation.invokeJoinpoint(ReflectiveMethodInvocation.java:198)
	at org.springframework.aop.framework.ReflectiveMethodInvocation.proceed(ReflectiveMethodInvocation.java:163)
	at org.springframework.dao.support.PersistenceExceptionTranslationInterceptor.invoke(PersistenceExceptionTranslationInterceptor.java:137)
	at org.springframework.aop.framework.ReflectiveMethodInvocation.proceed(ReflectiveMethodInvocation.java:186)
	at org.springframework.aop.framework.JdkDynamicAopProxy.invoke(JdkDynamicAopProxy.java:215)
	at com.sun.proxy.$Proxy102.insert(Unknown Source)
	at com.example.yin.service.impl.RankServiceImpl.recordPlay(RankServiceImpl.java:118)
	at sun.reflect.NativeMethodAccessorImpl.invoke0(Native Method)
	at sun.reflect.NativeMethodAccessorImpl.invoke(NativeMethodAccessorImpl.java:62)
	at sun.reflect.DelegatingMethodAccessorImpl.invoke(DelegatingMethodAccessorImpl.java:43)
	at java.lang.reflect.Method.invoke(Method.java:498)
	at org.springframework.aop.support.AopUtils.invokeJoinpointUsingReflection(AopUtils.java:344)
	at org.springframework.aop.framework.ReflectiveMethodInvocation.invokeJoinpoint(ReflectiveMethodInvocation.java:198)
	at org.springframework.aop.framework.ReflectiveMethodInvocation.proceed(ReflectiveMethodInvocation.java:163)
	at org.springframework.aop.interceptor.AsyncExecutionInterceptor.lambda$invoke$0(AsyncExecutionInterceptor.java:115)
	at java.util.concurrent.FutureTask.run(FutureTask.java:266)
	at java.lang.Thread.run(Thread.java:750)
2026-05-13 17:54:14 WARN [org.springframework.web.servlet.PageNotFound]: No mapping for GET //user01/img/singerPic/liangyaoxie.jpg
2026-05-13 17:54:14 WARN [org.springframework.web.servlet.PageNotFound]: No mapping for GET //user01/img/singerPic/dengziqi.jpg
2026-05-13 17:54:23 WARN [org.springframework.web.servlet.PageNotFound]: No mapping for GET //user01/img/singerPic/dengziqi.jpg
2026-05-13 17:54:23 WARN [org.springframework.web.servlet.PageNotFound]: No mapping for GET //user01/img/singerPic/liangyaoxie.jpg
2026-05-13 18:00:00 INFO [com.example.yin.task.RankScheduledTask]: 开始同步播放量到数据库...
2026-05-13 18:00:00 INFO [com.example.yin.task.RankScheduledTask]: 播放量同步完成，共更新 116 首歌曲
2026-05-13 18:00:58 WARN [org.springframework.web.servlet.PageNotFound]: No mapping for GET //user01/img/singerPic/dengziqi.jpg
2026-05-13 18:35:12 INFO [com.zaxxer.hikari.HikariDataSource]: HikariPool-1 - Shutdown initiated...
2026-05-13 18:35:12 INFO [com.zaxxer.hikari.HikariDataSource]: HikariPool-1 - Shutdown completed.
