2026-05-26 12:35:08 INFO [com.example.yin.YinMusicApplication]: Starting YinMusicApplication using Java 1.8.0_451 on LAPTOP-0E25MM1F with PID 34784 (C:\Study\简历项目\music-website-master 音乐\music-website-master\music-server\target\classes started by zhang in C:\Study\简历项目\music-website-master 音乐)
2026-05-26 12:35:08 INFO [com.example.yin.YinMusicApplication]: The following profiles are active: dev
2026-05-26 12:35:08 INFO [org.springframework.boot.devtools.env.DevToolsPropertyDefaultsPostProcessor]: Devtools property defaults active! Set 'spring.devtools.add-properties' to 'false' to disable
2026-05-26 12:35:08 INFO [org.springframework.boot.devtools.env.DevToolsPropertyDefaultsPostProcessor]: For additional web related logging consider setting the 'logging.level.web' property to 'DEBUG'
2026-05-26 12:35:09 INFO [org.springframework.data.repository.config.RepositoryConfigurationDelegate]: Multiple Spring Data modules found, entering strict repository configuration mode!
2026-05-26 12:35:09 INFO [org.springframework.data.repository.config.RepositoryConfigurationDelegate]: Bootstrapping Spring Data Redis repositories in DEFAULT mode.
2026-05-26 12:35:09 INFO [org.springframework.data.repository.config.RepositoryConfigurationDelegate]: Finished Spring Data repository scanning in 18 ms. Found 0 Redis repository interfaces.
2026-05-26 12:35:11 INFO [org.springframework.boot.web.embedded.tomcat.TomcatWebServer]: Tomcat initialized with port(s): 8888 (http)
2026-05-26 12:35:11 INFO [org.springframework.boot.web.servlet.context.ServletWebServerApplicationContext]: Root WebApplicationContext: initialization completed in 3063 ms
2026-05-26 12:35:12 INFO [org.springframework.boot.devtools.autoconfigure.OptionalLiveReloadServer]: LiveReload server is running on port 35729
2026-05-26 12:35:12 INFO [org.springframework.boot.web.embedded.tomcat.TomcatWebServer]: Tomcat started on port(s): 8888 (http) with context path ''
2026-05-26 12:35:12 INFO [com.example.yin.YinMusicApplication]: Started YinMusicApplication in 4.023 seconds (JVM running for 5.006)
2026-05-26 12:35:13 INFO [com.zaxxer.hikari.HikariDataSource]: HikariPool-1 - Starting...
2026-05-26 12:35:13 INFO [com.zaxxer.hikari.HikariDataSource]: HikariPool-1 - Start completed.
2026-05-26 12:35:13 INFO [com.example.yin.config.TicketDataInitializer]: 票档库存预热完成, 共 5 个票档, 新初始化 0 个 key
2026-05-26 12:35:38 INFO [org.springframework.web.servlet.DispatcherServlet]: Initializing Servlet 'dispatcherServlet'
2026-05-26 12:35:38 INFO [org.springframework.web.servlet.DispatcherServlet]: Completed initialization in 1 ms
2026-05-26 12:35:38 WARN [org.springframework.web.servlet.PageNotFound]: No mapping for GET //user01/img/singerPic/dengziqi.jpg
2026-05-26 12:35:38 WARN [org.springframework.web.servlet.PageNotFound]: No mapping for GET //user01/img/singerPic/liangyaoxie.jpg
2026-05-26 12:35:46 WARN [org.springframework.web.servlet.PageNotFound]: No mapping for GET //user01/img/singerPic/liangyaoxie.jpg
2026-05-26 12:35:46 WARN [org.springframework.web.servlet.PageNotFound]: No mapping for GET //user01/img/singerPic/dengziqi.jpg
2026-05-26 12:35:48 INFO [org.springframework.scheduling.annotation.AnnotationAsyncExecutionInterceptor]: More than one TaskExecutor bean found within the context, and none is named 'taskExecutor'. Mark one of them as primary or name it 'taskExecutor' (possibly as an alias) in order to use it for async processing: [rankPlayExecutor, taskScheduler]
2026-05-26 12:35:53 WARN [org.springframework.web.servlet.PageNotFound]: No mapping for GET //user01/img/singerPic/liangyaoxie.jpg
2026-05-26 12:35:53 WARN [org.springframework.web.servlet.PageNotFound]: No mapping for GET //user01/img/singerPic/dengziqi.jpg
2026-05-26 12:40:00 INFO [com.example.yin.task.TicketScheduledTask]: 库存对账开始...
2026-05-26 12:40:00 INFO [com.example.yin.task.TicketScheduledTask]: 库存对账完成, 校正 0 个票档
