2026-02-07 22:59:36 INFO [com.example.yin.YinMusicApplication]: Starting YinMusicApplication using Java 1.8.0_451 on LAPTOP-0E25MM1F with PID 139940 (C:\学习\简历项目\music-website-master 音乐\music-website-master\music-server\target\classes started by zhang in C:\学习\简历项目\music-website-master 音乐)
2026-02-07 22:59:36 INFO [com.example.yin.YinMusicApplication]: The following profiles are active: dev
2026-02-07 22:59:36 INFO [org.springframework.boot.devtools.env.DevToolsPropertyDefaultsPostProcessor]: Devtools property defaults active! Set 'spring.devtools.add-properties' to 'false' to disable
2026-02-07 22:59:36 INFO [org.springframework.boot.devtools.env.DevToolsPropertyDefaultsPostProcessor]: For additional web related logging consider setting the 'logging.level.web' property to 'DEBUG'
2026-02-07 22:59:36 INFO [org.springframework.data.repository.config.RepositoryConfigurationDelegate]: Multiple Spring Data modules found, entering strict repository configuration mode!
2026-02-07 22:59:36 INFO [org.springframework.data.repository.config.RepositoryConfigurationDelegate]: Bootstrapping Spring Data Redis repositories in DEFAULT mode.
2026-02-07 22:59:36 INFO [org.springframework.data.repository.config.RepositoryConfigurationDelegate]: Finished Spring Data repository scanning in 17 ms. Found 0 Redis repository interfaces.
2026-02-07 22:59:39 INFO [org.springframework.boot.web.embedded.tomcat.TomcatWebServer]: Tomcat initialized with port(s): 8888 (http)
2026-02-07 22:59:39 INFO [org.springframework.boot.web.servlet.context.ServletWebServerApplicationContext]: Root WebApplicationContext: initialization completed in 2913 ms
2026-02-07 22:59:39 INFO [org.springframework.boot.devtools.autoconfigure.OptionalLiveReloadServer]: LiveReload server is running on port 35729
2026-02-07 22:59:39 INFO [org.springframework.boot.web.embedded.tomcat.TomcatWebServer]: Tomcat started on port(s): 8888 (http) with context path ''
2026-02-07 22:59:39 INFO [com.example.yin.YinMusicApplication]: Started YinMusicApplication in 3.992 seconds (JVM running for 5.394)
2026-02-07 23:01:41 INFO [org.springframework.web.servlet.DispatcherServlet]: Initializing Servlet 'dispatcherServlet'
2026-02-07 23:01:41 INFO [org.springframework.web.servlet.DispatcherServlet]: Completed initialization in 0 ms
2026-02-07 23:01:41 INFO [com.zaxxer.hikari.HikariDataSource]: HikariPool-1 - Starting...
2026-02-07 23:01:42 INFO [com.zaxxer.hikari.HikariDataSource]: HikariPool-1 - Start completed.
2026-02-07 23:01:42 WARN [org.springframework.web.servlet.PageNotFound]: No mapping for GET //user01/img/singerPic/dengziqi.jpg
2026-02-07 23:01:42 WARN [org.springframework.web.servlet.PageNotFound]: No mapping for GET //user01/img/singerPic/liangyaoxie.jpg
2026-02-07 23:35:12 WARN [org.springframework.web.servlet.PageNotFound]: No mapping for GET //user01/img/singerPic/dengziqi.jpg
2026-02-07 23:35:12 WARN [org.springframework.web.servlet.PageNotFound]: No mapping for GET //user01/img/singerPic/liangyaoxie.jpg
2026-02-07 23:35:29 INFO [com.example.yin.YinMusicApplication]: Starting YinMusicApplication using Java 1.8.0_451 on LAPTOP-0E25MM1F with PID 134792 (C:\学习\简历项目\music-website-master 音乐\music-website-master\music-server\target\classes started by zhang in C:\学习\简历项目\music-website-master 音乐)
2026-02-07 23:35:29 INFO [com.example.yin.YinMusicApplication]: The following profiles are active: dev
2026-02-07 23:35:29 INFO [org.springframework.boot.devtools.env.DevToolsPropertyDefaultsPostProcessor]: Devtools property defaults active! Set 'spring.devtools.add-properties' to 'false' to disable
2026-02-07 23:35:29 INFO [org.springframework.boot.devtools.env.DevToolsPropertyDefaultsPostProcessor]: For additional web related logging consider setting the 'logging.level.web' property to 'DEBUG'
2026-02-07 23:35:30 INFO [org.springframework.data.repository.config.RepositoryConfigurationDelegate]: Multiple Spring Data modules found, entering strict repository configuration mode!
2026-02-07 23:35:30 INFO [org.springframework.data.repository.config.RepositoryConfigurationDelegate]: Bootstrapping Spring Data Redis repositories in DEFAULT mode.
2026-02-07 23:35:30 INFO [org.springframework.data.repository.config.RepositoryConfigurationDelegate]: Finished Spring Data repository scanning in 20 ms. Found 0 Redis repository interfaces.
2026-02-07 23:35:32 INFO [org.springframework.boot.web.embedded.tomcat.TomcatWebServer]: Tomcat initialized with port(s): 8888 (http)
2026-02-07 23:35:32 INFO [org.springframework.boot.web.servlet.context.ServletWebServerApplicationContext]: Root WebApplicationContext: initialization completed in 2778 ms
2026-02-07 23:35:33 INFO [org.springframework.boot.devtools.autoconfigure.OptionalLiveReloadServer]: LiveReload server is running on port 35729
2026-02-07 23:35:33 INFO [org.springframework.boot.web.embedded.tomcat.TomcatWebServer]: Tomcat started on port(s): 8888 (http) with context path ''
2026-02-07 23:35:33 INFO [com.example.yin.YinMusicApplication]: Started YinMusicApplication in 3.73 seconds (JVM running for 4.906)
