2026-05-11 23:35:42 INFO [com.example.yin.YinMusicApplication]: Starting YinMusicApplication using Java 1.8.0_451 on LAPTOP-0E25MM1F with PID 33044 (C:\Study\简历项目\music-website-master 音乐\music-website-master\music-server\target\classes started by zhang in C:\Study\简历项目\music-website-master 音乐)
2026-05-11 23:35:42 INFO [com.example.yin.YinMusicApplication]: The following profiles are active: dev
2026-05-11 23:35:42 INFO [org.springframework.boot.devtools.env.DevToolsPropertyDefaultsPostProcessor]: Devtools property defaults active! Set 'spring.devtools.add-properties' to 'false' to disable
2026-05-11 23:35:42 INFO [org.springframework.boot.devtools.env.DevToolsPropertyDefaultsPostProcessor]: For additional web related logging consider setting the 'logging.level.web' property to 'DEBUG'
2026-05-11 23:35:43 INFO [org.springframework.data.repository.config.RepositoryConfigurationDelegate]: Multiple Spring Data modules found, entering strict repository configuration mode!
2026-05-11 23:35:43 INFO [org.springframework.data.repository.config.RepositoryConfigurationDelegate]: Bootstrapping Spring Data Redis repositories in DEFAULT mode.
2026-05-11 23:35:43 INFO [org.springframework.data.repository.config.RepositoryConfigurationDelegate]: Finished Spring Data repository scanning in 22 ms. Found 0 Redis repository interfaces.
2026-05-11 23:35:45 INFO [org.springframework.boot.web.embedded.tomcat.TomcatWebServer]: Tomcat initialized with port(s): 8888 (http)
2026-05-11 23:35:46 INFO [org.springframework.boot.web.servlet.context.ServletWebServerApplicationContext]: Root WebApplicationContext: initialization completed in 3492 ms
2026-05-11 23:35:46 INFO [org.springframework.boot.devtools.autoconfigure.OptionalLiveReloadServer]: LiveReload server is running on port 35729
2026-05-11 23:35:46 INFO [org.springframework.boot.web.embedded.tomcat.TomcatWebServer]: Tomcat started on port(s): 8888 (http) with context path ''
2026-05-11 23:35:46 INFO [com.example.yin.YinMusicApplication]: Started YinMusicApplication in 4.64 seconds (JVM running for 5.865)
2026-05-11 23:35:49 INFO [org.springframework.boot.autoconfigure.logging.ConditionEvaluationReportLoggingListener]: 

Error starting ApplicationContext. To display the conditions report re-run your application with 'debug' enabled.
2026-05-11 23:35:49 ERROR [org.springframework.boot.SpringApplication]: Application run failed
java.lang.IllegalStateException: Failed to execute CommandLineRunner
	at org.springframework.boot.SpringApplication.callRunner(SpringApplication.java:770)
	at org.springframework.boot.SpringApplication.callRunners(SpringApplication.java:751)
	at org.springframework.boot.SpringApplication.run(SpringApplication.java:309)
	at org.springframework.boot.SpringApplication.run(SpringApplication.java:1301)
	at org.springframework.boot.SpringApplication.run(SpringApplication.java:1290)
	at com.example.yin.YinMusicApplication.main(YinMusicApplication.java:14)
	at sun.reflect.NativeMethodAccessorImpl.invoke0(Native Method)
	at sun.reflect.NativeMethodAccessorImpl.invoke(NativeMethodAccessorImpl.java:62)
	at sun.reflect.DelegatingMethodAccessorImpl.invoke(DelegatingMethodAccessorImpl.java:43)
	at java.lang.reflect.Method.invoke(Method.java:498)
	at org.springframework.boot.devtools.restart.RestartLauncher.run(RestartLauncher.java:49)
Caused by: org.springframework.data.redis.RedisConnectionFailureException: Unable to connect to Redis; nested exception is org.springframework.data.redis.connection.PoolException: Could not get a resource from the pool; nested exception is io.lettuce.core.RedisConnectionException: Unable to connect to 127.0.0.1:6379
	at org.springframework.data.redis.connection.lettuce.LettuceConnectionFactory$ExceptionTranslatingConnectionProvider.translateException(LettuceConnectionFactory.java:1689)
	at org.springframework.data.redis.connection.lettuce.LettuceConnectionFactory$ExceptionTranslatingConnectionProvider.getConnection(LettuceConnectionFactory.java:1597)
	at org.springframework.data.redis.connection.lettuce.LettuceConnectionFactory$SharedConnection.getNativeConnection(LettuceConnectionFactory.java:1383)
	at org.springframework.data.redis.connection.lettuce.LettuceConnectionFactory$SharedConnection.getConnection(LettuceConnectionFactory.java:1366)
	at org.springframework.data.redis.connection.lettuce.LettuceConnectionFactory.getSharedConnection(LettuceConnectionFactory.java:1093)
	at org.springframework.data.redis.connection.lettuce.LettuceConnectionFactory.getConnection(LettuceConnectionFactory.java:421)
	at org.springframework.data.redis.core.RedisConnectionUtils.fetchConnection(RedisConnectionUtils.java:193)
	at org.springframework.data.redis.core.RedisConnectionUtils.doGetConnection(RedisConnectionUtils.java:144)
	at org.springframework.data.redis.core.RedisConnectionUtils.getConnection(RedisConnectionUtils.java:105)
	at org.springframework.data.redis.core.RedisTemplate.execute(RedisTemplate.java:210)
	at org.springframework.data.redis.core.RedisTemplate.execute(RedisTemplate.java:190)
	at org.springframework.data.redis.core.AbstractOperations.execute(AbstractOperations.java:97)
	at org.springframework.data.redis.core.DefaultZSetOperations.zCard(DefaultZSetOperations.java:617)
	at org.springframework.data.redis.core.DefaultZSetOperations.size(DefaultZSetOperations.java:606)
	at com.example.yin.config.RankDataInitializer.run(RankDataInitializer.java:30)
	at org.springframework.boot.SpringApplication.callRunner(SpringApplication.java:767)
	... 10 more
Caused by: org.springframework.data.redis.connection.PoolException: Could not get a resource from the pool; nested exception is io.lettuce.core.RedisConnectionException: Unable to connect to 127.0.0.1:6379
	at org.springframework.data.redis.connection.lettuce.LettucePoolingConnectionProvider.getConnection(LettucePoolingConnectionProvider.java:109)
	at org.springframework.data.redis.connection.lettuce.LettuceConnectionFactory$ExceptionTranslatingConnectionProvider.getConnection(LettuceConnectionFactory.java:1595)
	... 24 more
Caused by: io.lettuce.core.RedisConnectionException: Unable to connect to 127.0.0.1:6379
	at io.lettuce.core.RedisConnectionException.create(RedisConnectionException.java:78)
	at io.lettuce.core.RedisConnectionException.create(RedisConnectionException.java:56)
	at io.lettuce.core.AbstractRedisClient.getConnection(AbstractRedisClient.java:330)
	at io.lettuce.core.RedisClient.connect(RedisClient.java:216)
	at org.springframework.data.redis.connection.lettuce.StandaloneConnectionProvider.lambda$getConnection$1(StandaloneConnectionProvider.java:115)
	at java.util.Optional.orElseGet(Optional.java:267)
	at org.springframework.data.redis.connection.lettuce.StandaloneConnectionProvider.getConnection(StandaloneConnectionProvider.java:115)
	at org.springframework.data.redis.connection.lettuce.LettucePoolingConnectionProvider.lambda$null$0(LettucePoolingConnectionProvider.java:97)
	at io.lettuce.core.support.ConnectionPoolSupport$RedisPooledObjectFactory.create(ConnectionPoolSupport.java:211)
	at io.lettuce.core.support.ConnectionPoolSupport$RedisPooledObjectFactory.create(ConnectionPoolSupport.java:201)
	at org.apache.commons.pool2.BasePooledObjectFactory.makeObject(BasePooledObjectFactory.java:70)
	at org.apache.commons.pool2.impl.GenericObjectPool.create(GenericObjectPool.java:571)
	at org.apache.commons.pool2.impl.GenericObjectPool.borrowObject(GenericObjectPool.java:298)
	at org.apache.commons.pool2.impl.GenericObjectPool.borrowObject(GenericObjectPool.java:223)
	at io.lettuce.core.support.ConnectionPoolSupport$1.borrowObject(ConnectionPoolSupport.java:122)
	at io.lettuce.core.support.ConnectionPoolSupport$1.borrowObject(ConnectionPoolSupport.java:117)
	at org.springframework.data.redis.connection.lettuce.LettucePoolingConnectionProvider.getConnection(LettucePoolingConnectionProvider.java:103)
	... 25 more
Caused by: io.netty.channel.AbstractChannel$AnnotatedConnectException: Connection refused: no further information: /127.0.0.1:6379
Caused by: java.net.ConnectException: Connection refused: no further information
	at sun.nio.ch.SocketChannelImpl.checkConnect(Native Method)
	at sun.nio.ch.SocketChannelImpl.finishConnect(SocketChannelImpl.java:715)
	at io.netty.channel.socket.nio.NioSocketChannel.doFinishConnect(NioSocketChannel.java:330)
	at io.netty.channel.nio.AbstractNioChannel$AbstractNioUnsafe.finishConnect(AbstractNioChannel.java:334)
	at io.netty.channel.nio.NioEventLoop.processSelectedKey(NioEventLoop.java:710)
	at io.netty.channel.nio.NioEventLoop.processSelectedKeysOptimized(NioEventLoop.java:658)
	at io.netty.channel.nio.NioEventLoop.processSelectedKeys(NioEventLoop.java:584)
	at io.netty.channel.nio.NioEventLoop.run(NioEventLoop.java:496)
	at io.netty.util.concurrent.SingleThreadEventExecutor$4.run(SingleThreadEventExecutor.java:986)
	at io.netty.util.internal.ThreadExecutorMap$2.run(ThreadExecutorMap.java:74)
	at io.netty.util.concurrent.FastThreadLocalRunnable.run(FastThreadLocalRunnable.java:30)
	at java.lang.Thread.run(Thread.java:750)
2026-05-11 23:37:06 INFO [com.example.yin.YinMusicApplication]: Starting YinMusicApplication using Java 1.8.0_451 on LAPTOP-0E25MM1F with PID 30916 (C:\Study\简历项目\music-website-master 音乐\music-website-master\music-server\target\classes started by zhang in C:\Study\简历项目\music-website-master 音乐)
2026-05-11 23:37:06 INFO [com.example.yin.YinMusicApplication]: The following profiles are active: dev
2026-05-11 23:37:06 INFO [org.springframework.boot.devtools.env.DevToolsPropertyDefaultsPostProcessor]: Devtools property defaults active! Set 'spring.devtools.add-properties' to 'false' to disable
2026-05-11 23:37:06 INFO [org.springframework.boot.devtools.env.DevToolsPropertyDefaultsPostProcessor]: For additional web related logging consider setting the 'logging.level.web' property to 'DEBUG'
2026-05-11 23:37:07 INFO [org.springframework.data.repository.config.RepositoryConfigurationDelegate]: Multiple Spring Data modules found, entering strict repository configuration mode!
2026-05-11 23:37:07 INFO [org.springframework.data.repository.config.RepositoryConfigurationDelegate]: Bootstrapping Spring Data Redis repositories in DEFAULT mode.
2026-05-11 23:37:07 INFO [org.springframework.data.repository.config.RepositoryConfigurationDelegate]: Finished Spring Data repository scanning in 20 ms. Found 0 Redis repository interfaces.
2026-05-11 23:37:09 INFO [org.springframework.boot.web.embedded.tomcat.TomcatWebServer]: Tomcat initialized with port(s): 8888 (http)
2026-05-11 23:37:09 INFO [org.springframework.boot.web.servlet.context.ServletWebServerApplicationContext]: Root WebApplicationContext: initialization completed in 2728 ms
2026-05-11 23:37:09 INFO [org.springframework.boot.devtools.autoconfigure.OptionalLiveReloadServer]: LiveReload server is running on port 35729
2026-05-11 23:37:09 INFO [org.springframework.boot.web.embedded.tomcat.TomcatWebServer]: Tomcat started on port(s): 8888 (http) with context path ''
2026-05-11 23:37:09 INFO [com.example.yin.YinMusicApplication]: Started YinMusicApplication in 3.655 seconds (JVM running for 4.661)
2026-05-11 23:37:46 INFO [org.springframework.web.servlet.DispatcherServlet]: Initializing Servlet 'dispatcherServlet'
2026-05-11 23:37:46 INFO [org.springframework.web.servlet.DispatcherServlet]: Completed initialization in 0 ms
2026-05-11 23:37:46 INFO [com.zaxxer.hikari.HikariDataSource]: HikariPool-1 - Starting...
2026-05-11 23:37:46 INFO [com.zaxxer.hikari.HikariDataSource]: HikariPool-1 - Start completed.
2026-05-11 23:37:47 WARN [org.springframework.web.servlet.PageNotFound]: No mapping for GET //user01/img/singerPic/liangyaoxie.jpg
2026-05-11 23:37:47 WARN [org.springframework.web.servlet.PageNotFound]: No mapping for GET //user01/img/singerPic/dengziqi.jpg
2026-05-11 23:37:56 WARN [org.springframework.web.servlet.PageNotFound]: No mapping for GET //user01/img/singerPic/dengziqi.jpg
2026-05-11 23:37:56 WARN [org.springframework.web.servlet.PageNotFound]: No mapping for GET //user01/img/singerPic/liangyaoxie.jpg
2026-05-11 23:38:25 WARN [org.springframework.web.servlet.PageNotFound]: No mapping for GET //user01/img/singerPic/dengziqi.jpg
2026-05-11 23:38:25 WARN [org.springframework.web.servlet.PageNotFound]: No mapping for GET //user01/img/singerPic/liangyaoxie.jpg
2026-05-11 23:38:38 WARN [org.springframework.web.servlet.PageNotFound]: No mapping for GET //user01/img/singerPic/dengziqi.jpg
2026-05-11 23:38:38 WARN [org.springframework.web.servlet.PageNotFound]: No mapping for GET //user01/img/singerPic/liangyaoxie.jpg
2026-05-11 23:39:06 WARN [org.springframework.web.servlet.PageNotFound]: No mapping for GET //user01/img/singerPic/dengziqi.jpg
2026-05-11 23:39:06 WARN [org.springframework.web.servlet.PageNotFound]: No mapping for GET //user01/img/singerPic/liangyaoxie.jpg
