2026-01-28 00:46:44 INFO [com.example.yin.YinMusicApplication]: Starting YinMusicApplication using Java 1.8.0_451 on LAPTOP-0E25MM1F with PID 137672 (C:\学习\简历项目\music-website-master 音乐\music-website-master\music-server\target\classes started by zhang in C:\学习\简历项目\music-website-master 音乐)
2026-01-28 00:46:44 INFO [com.example.yin.YinMusicApplication]: The following profiles are active: dev
2026-01-28 00:46:44 INFO [org.springframework.boot.devtools.env.DevToolsPropertyDefaultsPostProcessor]: Devtools property defaults active! Set 'spring.devtools.add-properties' to 'false' to disable
2026-01-28 00:46:44 INFO [org.springframework.boot.devtools.env.DevToolsPropertyDefaultsPostProcessor]: For additional web related logging consider setting the 'logging.level.web' property to 'DEBUG'
2026-01-28 00:46:45 INFO [org.springframework.data.repository.config.RepositoryConfigurationDelegate]: Multiple Spring Data modules found, entering strict repository configuration mode!
2026-01-28 00:46:45 INFO [org.springframework.data.repository.config.RepositoryConfigurationDelegate]: Bootstrapping Spring Data Redis repositories in DEFAULT mode.
2026-01-28 00:46:45 INFO [org.springframework.data.repository.config.RepositoryConfigurationDelegate]: Finished Spring Data repository scanning in 17 ms. Found 0 Redis repository interfaces.
2026-01-28 00:46:47 INFO [org.springframework.boot.web.embedded.tomcat.TomcatWebServer]: Tomcat initialized with port(s): 8888 (http)
2026-01-28 00:46:47 INFO [org.springframework.boot.web.servlet.context.ServletWebServerApplicationContext]: Root WebApplicationContext: initialization completed in 2705 ms
2026-01-28 00:46:48 INFO [org.springframework.boot.devtools.autoconfigure.OptionalLiveReloadServer]: LiveReload server is running on port 35729
2026-01-28 00:46:48 INFO [org.springframework.boot.web.embedded.tomcat.TomcatWebServer]: Tomcat started on port(s): 8888 (http) with context path ''
2026-01-28 00:46:48 INFO [com.example.yin.YinMusicApplication]: Started YinMusicApplication in 3.634 seconds (JVM running for 4.575)
2026-01-28 00:47:38 INFO [org.springframework.web.servlet.DispatcherServlet]: Initializing Servlet 'dispatcherServlet'
2026-01-28 00:47:38 INFO [org.springframework.web.servlet.DispatcherServlet]: Completed initialization in 1 ms
2026-01-28 00:47:38 WARN [org.springframework.web.servlet.PageNotFound]: No mapping for GET /
2026-01-28 00:47:38 WARN [org.springframework.web.servlet.PageNotFound]: No mapping for GET /favicon.ico
2026-01-28 00:50:19 WARN [org.springframework.web.servlet.PageNotFound]: No mapping for GET /sign-in
2026-01-28 00:52:57 WARN [org.springframework.web.servlet.PageNotFound]: No mapping for GET /api/song/list
2026-01-28 00:55:45 INFO [com.example.yin.YinMusicApplication]: Starting YinMusicApplication using Java 1.8.0_451 on LAPTOP-0E25MM1F with PID 142248 (C:\学习\简历项目\music-website-master 音乐\music-website-master\music-server\target\classes started by zhang in C:\学习\简历项目\music-website-master 音乐)
2026-01-28 00:55:45 INFO [com.example.yin.YinMusicApplication]: The following profiles are active: dev
2026-01-28 00:55:45 INFO [org.springframework.boot.devtools.env.DevToolsPropertyDefaultsPostProcessor]: Devtools property defaults active! Set 'spring.devtools.add-properties' to 'false' to disable
2026-01-28 00:55:45 INFO [org.springframework.boot.devtools.env.DevToolsPropertyDefaultsPostProcessor]: For additional web related logging consider setting the 'logging.level.web' property to 'DEBUG'
2026-01-28 00:55:45 INFO [org.springframework.data.repository.config.RepositoryConfigurationDelegate]: Multiple Spring Data modules found, entering strict repository configuration mode!
2026-01-28 00:55:45 INFO [org.springframework.data.repository.config.RepositoryConfigurationDelegate]: Bootstrapping Spring Data Redis repositories in DEFAULT mode.
2026-01-28 00:55:45 INFO [org.springframework.data.repository.config.RepositoryConfigurationDelegate]: Finished Spring Data repository scanning in 16 ms. Found 0 Redis repository interfaces.
2026-01-28 00:55:47 INFO [org.springframework.boot.web.embedded.tomcat.TomcatWebServer]: Tomcat initialized with port(s): 8888 (http)
2026-01-28 00:55:47 INFO [org.springframework.boot.web.servlet.context.ServletWebServerApplicationContext]: Root WebApplicationContext: initialization completed in 2659 ms
2026-01-28 00:55:48 INFO [org.springframework.boot.devtools.autoconfigure.OptionalLiveReloadServer]: LiveReload server is running on port 35729
2026-01-28 00:55:48 INFO [org.springframework.boot.web.embedded.tomcat.TomcatWebServer]: Tomcat started on port(s): 8888 (http) with context path ''
2026-01-28 00:55:48 INFO [com.example.yin.YinMusicApplication]: Started YinMusicApplication in 3.521 seconds (JVM running for 4.472)
2026-01-28 00:55:53 INFO [org.springframework.web.servlet.DispatcherServlet]: Initializing Servlet 'dispatcherServlet'
2026-01-28 00:55:53 INFO [org.springframework.web.servlet.DispatcherServlet]: Completed initialization in 1 ms
2026-01-28 00:55:53 WARN [org.springframework.web.servlet.PageNotFound]: No mapping for GET /api/song/list
2026-01-28 00:55:53 WARN [org.springframework.web.servlet.PageNotFound]: No mapping for GET /api/song/list
2026-01-28 00:55:54 WARN [org.springframework.web.servlet.PageNotFound]: No mapping for GET /api/song/list
2026-01-28 00:55:54 WARN [org.springframework.web.servlet.PageNotFound]: No mapping for GET /api/song/list
2026-01-28 00:55:56 WARN [org.springframework.web.servlet.PageNotFound]: No mapping for GET /api/song/list
2026-01-28 00:57:11 WARN [org.springframework.web.servlet.mvc.support.DefaultHandlerExceptionResolver]: Resolved [org.springframework.web.HttpRequestMethodNotSupportedException: Request method 'GET' not supported]
2026-01-28 00:58:03 WARN [org.springframework.web.servlet.PageNotFound]: No mapping for GET /
2026-01-28 00:58:09 WARN [org.springframework.web.servlet.PageNotFound]: No mapping for GET /
2026-01-28 00:58:59 INFO [com.zaxxer.hikari.HikariDataSource]: HikariPool-1 - Starting...
2026-01-28 00:58:59 INFO [com.zaxxer.hikari.HikariDataSource]: HikariPool-1 - Start completed.
